<?xml version="1.0" encoding="UTF-8"?>
<!-- Generated by org.testng.reporters.JUnitReportReporter -->
<testsuite hostname="DrowsyRainbow" failures="0" tests="1" name="exceldata.ReadData" time="1.215" errors="0" timestamp="2023-08-25T16:33:09 IST" skipped="0">
  <testcase classname="exceldata.ReadData" name="readdata" time="1.215"/>
  <system-out/>
</testsuite> <!-- exceldata.ReadData -->
