<?xml version="1.0" encoding="UTF-8"?>
<!-- Generated by org.testng.reporters.JUnitReportReporter -->
<testsuite hostname="DrowsyRainbow" failures="0" tests="1" name="exceldata.Propertiesfile" time="30.803" errors="0" timestamp="2022-11-03T17:28:41 IST" skipped="0">
  <testcase classname="exceldata.Propertiesfile" name="properties" time="30.803"/>
  <system-out/>
</testsuite> <!-- exceldata.Propertiesfile -->
