<?xml version="1.0" encoding="UTF-8"?>
<!-- Generated by org.testng.reporters.JUnitReportReporter -->
<testsuite hostname="DrowsyRainbow" failures="0" tests="1" name="com.test.actitime.LoginLogoutapp" time="10.407" errors="0" timestamp="10 Nov 2022 19:31:10 GMT" skipped="0">
  <testcase classname="com.test.actitime.LoginLogoutapp" name="login" time="10.407"/>
</testsuite> <!-- com.test.actitime.LoginLogoutapp -->
