<?xml version="1.0" encoding="UTF-8"?>
<!-- Generated by org.testng.reporters.JUnitReportReporter -->
<testsuite hostname="DrowsyRainbow" failures="0" tests="3" name="practice.DependsOnMethod" time="0.035" errors="0" timestamp="2023-11-30T16:02:24 IST" skipped="0">
  <testcase classname="practice.DependsOnMethod" name="deletework" time="0.006"/>
  <system-out/>
  <testcase classname="practice.DependsOnMethod" name="login" time="0.023"/>
  <system-out/>
  <testcase classname="practice.DependsOnMethod" name="creatework" time="0.006"/>
  <system-out/>
</testsuite> <!-- practice.DependsOnMethod -->
