<?xml version="1.0" encoding="UTF-8"?>
<!-- Generated by org.testng.reporters.JUnitReportReporter -->
<testsuite hostname="DrowsyRainbow" failures="0" tests="3" name="practice.DemoClass" time="0.013" errors="0" timestamp="2023-05-27T17:43:10 IST" skipped="0">
  <testcase classname="practice.DemoClass" name="bird" time="0.002"/>
  <system-out/>
  <testcase classname="practice.DemoClass" name="nature" time="0.006"/>
  <system-out/>
  <testcase classname="practice.DemoClass" name="pikachu" time="0.005"/>
  <system-out/>
</testsuite> <!-- practice.DemoClass -->
