<?xml version="1.0" encoding="UTF-8"?>
<!-- Generated by org.testng.reporters.JUnitReportReporter -->
<testsuite hostname="DrowsyRainbow" failures="0" tests="3" name="demo.Priority" time="0.029" errors="0" timestamp="2022-11-03T01:20:34 IST" skipped="0">
  <testcase classname="demo.Priority" name="nature" time="0.022"/>
  <system-out/>
  <testcase classname="demo.Priority" name="pikachu" time="0.004"/>
  <system-out/>
  <testcase classname="demo.Priority" name="bird" time="0.003"/>
  <system-out/>
</testsuite> <!-- demo.Priority -->
