<?xml version="1.0" encoding="UTF-8"?>
<!-- Generated by org.testng.reporters.JUnitReportReporter -->
<testsuite hostname="DrowsyRainbow" failures="0" tests="3" name="practice.Priority" time="0.023" errors="0" timestamp="2023-05-27T17:43:10 IST" skipped="0">
  <testcase classname="practice.Priority" name="nature" time="0.005"/>
  <system-out/>
  <testcase classname="practice.Priority" name="pikachu" time="0.011"/>
  <system-out/>
  <testcase classname="practice.Priority" name="bird" time="0.007"/>
  <system-out/>
</testsuite> <!-- practice.Priority -->
