<?xml version="1.0" encoding="UTF-8"?>
<!-- Generated by org.testng.reporters.JUnitReportReporter -->
<testsuite hostname="DrowsyRainbow" failures="0" tests="3" name="practice.AbcClass" time="0.012" errors="0" timestamp="2023-05-27T17:43:10 IST" skipped="0">
  <testcase classname="practice.AbcClass" name="a" time="0.003"/>
  <system-out/>
  <testcase classname="practice.AbcClass" name="b" time="0.002"/>
  <system-out/>
  <testcase classname="practice.AbcClass" name="c" time="0.007"/>
  <system-out/>
</testsuite> <!-- practice.AbcClass -->
