<?xml version="1.0" encoding="UTF-8"?>
<!-- Generated by org.testng.reporters.JUnitReportReporter -->
<testsuite hostname="DrowsyRainbow" failures="0" tests="3" name="demo.DemoClass" time="0.034" errors="0" timestamp="2022-11-03T01:14:35 IST" skipped="0">
  <testcase classname="demo.DemoClass" name="pikachu" time="0.005"/>
  <system-out/>
  <testcase classname="demo.DemoClass" name="bird" time="0.024"/>
  <system-out/>
  <testcase classname="demo.DemoClass" name="nature" time="0.005"/>
  <system-out/>
</testsuite> <!-- demo.DemoClass -->
