<?xml version="1.0" encoding="UTF-8"?>
<!-- Generated by org.testng.reporters.JUnitReportReporter -->
<testsuite hostname="DrowsyRainbow" failures="0" tests="3" name="annotations.Annotations" time="0.056" errors="0" timestamp="2023-11-30T16:30:08 IST" skipped="0">
  <testcase classname="annotations.Annotations" name="partha" time="0.018"/>
  <system-out/>
  <testcase classname="annotations.Annotations" name="mahadev" time="0.029"/>
  <system-out/>
  <testcase classname="annotations.Annotations" name="soumya" time="0.009"/>
  <system-out/>
</testsuite> <!-- annotations.Annotations -->
