<?xml version="1.0" encoding="UTF-8"?>
<!-- Generated by org.testng.reporters.JUnitReportReporter -->
<testsuite hostname="DrowsyRainbow" failures="0" tests="6" name="practice.InvocationCount" time="0.036" errors="0" timestamp="2023-05-27T17:43:10 IST" skipped="0">
  <testcase classname="practice.InvocationCount" name="bird" time="0.004"/>
  <system-out/>
  <testcase classname="practice.InvocationCount" name="bird" time="0.008"/>
  <system-out/>
  <testcase classname="practice.InvocationCount" name="pikachu" time="0.009"/>
  <system-out/>
  <testcase classname="practice.InvocationCount" name="nature" time="0.005"/>
  <system-out/>
  <testcase classname="practice.InvocationCount" name="pikachu" time="0.003"/>
  <system-out/>
  <testcase classname="practice.InvocationCount" name="bird" time="0.007"/>
  <system-out/>
</testsuite> <!-- practice.InvocationCount -->
