<?xml version="1.0" encoding="UTF-8"?>
<!-- Generated by org.testng.reporters.JUnitReportReporter -->
<testsuite hostname="DrowsyRainbow" failures="0" tests="6" name="demo.PriorityInvocation" time="0.048" errors="0" timestamp="2022-11-03T01:29:37 IST" skipped="0">
  <testcase classname="demo.PriorityInvocation" name="nature" time="0.027"/>
  <system-out/>
  <testcase classname="demo.PriorityInvocation" name="nature" time="0.009"/>
  <system-out/>
  <testcase classname="demo.PriorityInvocation" name="pikachu" time="0.003"/>
  <system-out/>
  <testcase classname="demo.PriorityInvocation" name="bird" time="0.003"/>
  <system-out/>
  <testcase classname="demo.PriorityInvocation" name="bird" time="0.003"/>
  <system-out/>
  <testcase classname="demo.PriorityInvocation" name="bird" time="0.003"/>
  <system-out/>
</testsuite> <!-- demo.PriorityInvocation -->
