<?xml version="1.0" encoding="UTF-8"?>
<!-- Generated by org.testng.reporters.JUnitReportReporter -->
<testsuite hostname="DrowsyRainbow" failures="0" tests="6" name="practice.PriorityInvocation" time="0.029" errors="0" timestamp="2023-05-27T17:43:10 IST" skipped="0">
  <testcase classname="practice.PriorityInvocation" name="nature" time="0.003"/>
  <system-out/>
  <testcase classname="practice.PriorityInvocation" name="nature" time="0.003"/>
  <system-out/>
  <testcase classname="practice.PriorityInvocation" name="pikachu" time="0.003"/>
  <system-out/>
  <testcase classname="practice.PriorityInvocation" name="bird" time="0.005"/>
  <system-out/>
  <testcase classname="practice.PriorityInvocation" name="bird" time="0.012"/>
  <system-out/>
  <testcase classname="practice.PriorityInvocation" name="bird" time="0.003"/>
  <system-out/>
</testsuite> <!-- practice.PriorityInvocation -->
