<?xml version="1.0" encoding="UTF-8"?>
<!-- Generated by org.testng.reporters.JUnitReportReporter -->
<testsuite hostname="DrowsyRainbow" failures="0" tests="3" name="demo.AbcClass" time="0.012" errors="0" timestamp="2022-11-03T01:14:35 IST" skipped="0">
  <testcase classname="demo.AbcClass" name="b" time="0.006"/>
  <system-out/>
  <testcase classname="demo.AbcClass" name="a" time="0.003"/>
  <system-out/>
  <testcase classname="demo.AbcClass" name="c" time="0.003"/>
  <system-out/>
</testsuite> <!-- demo.AbcClass -->
