<?xml version="1.0" encoding="UTF-8"?>
<!-- Generated by org.testng.reporters.JUnitReportReporter -->
<testsuite hostname="DrowsyRainbow" failures="0" tests="6" name="demo.InvocationCount" time="0.044" errors="0" timestamp="2022-11-03T01:27:05 IST" skipped="0">
  <testcase classname="demo.InvocationCount" name="bird" time="0.004"/>
  <system-out/>
  <testcase classname="demo.InvocationCount" name="nature" time="0.003"/>
  <system-out/>
  <testcase classname="demo.InvocationCount" name="pikachu" time="0.005"/>
  <system-out/>
  <testcase classname="demo.InvocationCount" name="pikachu" time="0.006"/>
  <system-out/>
  <testcase classname="demo.InvocationCount" name="bird" time="0.004"/>
  <system-out/>
  <testcase classname="demo.InvocationCount" name="bird" time="0.022"/>
  <system-out/>
</testsuite> <!-- demo.InvocationCount -->
