<?xml version="1.0" encoding="UTF-8"?>
<!-- Generated by org.testng.reporters.JUnitReportReporter -->
<testsuite hostname="DrowsyRainbow" failures="0" tests="1" name="testngtest.loginlogoutapppp" time="10.193" errors="0" timestamp="2023-05-27T18:04:52 IST" skipped="0">
  <testcase classname="testngtest.loginlogoutapppp" name="lgnlgot" time="10.193"/>
  <system-out/>
</testsuite> <!-- testngtest.loginlogoutapppp -->
